[master 9554ee8] Auto commit 2025-01-24 04:03:54
 1 file changed, 23 insertions(+)
 create mode 100755 commit_schedule.sh
[master 7d05f45] Auto commit 2025-01-24 04:08:54
 4 files changed, 54 insertions(+), 1 deletion(-)
 create mode 100755 backup_schedule.sh
 create mode 100644 backups/synergy_wellness_2025-01-24_04-05-13.db.gz
 create mode 100644 backups/synergy_wellness_2025-01-24_04-07-01.db.gz
[master 949504e] Auto commit 2025-01-24 04:13:54
 1 file changed, 58 insertions(+)
On branch master
nothing to commit, working tree clean
[master 07a5b5a] Auto commit 2025-01-24 04:23:54
 3 files changed, 20 insertions(+), 122 deletions(-)
[master 0a01472] Auto commit 2025-01-24 04:28:54
 2 files changed, 85 insertions(+), 1 deletion(-)
 create mode 100644 frontend/src/components/Shared/SideMenu.css
[master b3f99ee] Auto commit 2025-01-24 04:33:54
 3 files changed, 26 insertions(+), 13 deletions(-)
[master da1e23b] Auto commit 2025-01-24 04:38:55
 1 file changed, 15 insertions(+), 5 deletions(-)
[master 42aeb99] Auto commit 2025-01-24 04:43:55
 3 files changed, 8 insertions(+), 59 deletions(-)
On branch master
nothing to commit, working tree clean
[master 87ada58] Auto commit 2025-01-24 04:53:55
 1 file changed, 1 insertion(+), 1 deletion(-)
[master e899f9b] Auto commit 2025-01-24 04:58:55
 2 files changed, 29 insertions(+), 11 deletions(-)
[master 09d03f8] Auto commit 2025-01-24 05:03:55
 1 file changed, 3 insertions(+), 6 deletions(-)
[master dd4948a] Auto commit 2025-01-24 05:08:55
 3 files changed, 10 insertions(+), 9 deletions(-)
 create mode 100644 backups/synergy_wellness_2025-01-24_05-05-12.db.gz
 create mode 100644 backups/synergy_wellness_2025-01-24_05-07-00.db.gz
[master 63bf393] Auto commit 2025-01-24 05:13:56
 3 files changed, 69 insertions(+), 1267 deletions(-)
[master bf50b43] Auto commit 2025-01-24 05:18:56
 1 file changed, 79 insertions(+), 5 deletions(-)
[master 4ab71b2] Auto commit 2025-01-24 05:23:56
 2 files changed, 4 insertions(+), 4 deletions(-)
[master 7e7ca84] Auto commit 2025-01-24 05:28:56
 2 files changed, 31 insertions(+)
 create mode 100644 frontend/src/components/Shared/NewSideMenu.js
 create mode 100644 frontend/src/components/Shared/TestSideMenu.css
[master 1a6bcf4] Auto commit 2025-01-24 05:33:56
 1 file changed, 64 insertions(+)
On branch master
nothing to commit, working tree clean
On branch master
nothing to commit, working tree clean
On branch master
nothing to commit, working tree clean
On branch master
nothing to commit, working tree clean
On branch master
nothing to commit, working tree clean
On branch master
nothing to commit, working tree clean
[master 97dc720] Auto commit 2025-01-24 06:08:57
 2 files changed, 0 insertions(+), 0 deletions(-)
 create mode 100644 backups/synergy_wellness_2025-01-24_06-05-13.db.gz
 create mode 100644 backups/synergy_wellness_2025-01-24_06-07-01.db.gz
On branch master
nothing to commit, working tree clean
[master 4fa324d] Auto commit 2025-01-24 06:18:58
 1 file changed, 21 insertions(+), 54 deletions(-)
[master 1680edb] Auto commit 2025-01-24 06:23:58
 1 file changed, 12 deletions(-)
[master b346bb1] Auto commit 2025-01-24 06:28:58
 1 file changed, 28 insertions(+), 10 deletions(-)
[master 258fa11] Auto commit 2025-01-24 06:33:58
 1 file changed, 9 insertions(+), 4 deletions(-)
[master 441915d] Auto commit 2025-01-24 06:38:58
 1 file changed, 7 insertions(+), 4 deletions(-)
[master d4c01e5] Auto commit 2025-01-24 06:43:58
 1 file changed, 9 insertions(+), 9 deletions(-)
[master 22ae57c] Auto commit 2025-01-24 06:48:58
 1 file changed, 1 insertion(+), 1 deletion(-)
[master 06e2e80] Auto commit 2025-01-24 06:53:58
 1 file changed, 78 insertions(+), 2 deletions(-)
[master 15f222b] Auto commit 2025-01-24 06:58:58
 1 file changed, 73 insertions(+)
[master 0debb61] Auto commit 2025-01-24 07:03:59
 1 file changed, 230 insertions(+)
[master f9c87e8] Auto commit 2025-01-24 07:08:59
 3 files changed, 3 insertions(+), 378 deletions(-)
 create mode 100644 backups/synergy_wellness_2025-01-24_07-05-13.db.gz
 create mode 100644 backups/synergy_wellness_2025-01-24_07-07-01.db.gz
On branch master
nothing to commit, working tree clean
[master 00218a4] Auto commit 2025-01-24 07:18:59
 1 file changed, 18 insertions(+), 4 deletions(-)
[master 0af2d25] Auto commit 2025-01-24 07:23:59
 1 file changed, 6 insertions(+), 7 deletions(-)
On branch master
nothing to commit, working tree clean
[master 468aab5] Auto commit 2025-01-24 07:33:59
 1 file changed, 8 insertions(+), 13 deletions(-)
On branch master
nothing to commit, working tree clean
On branch master
nothing to commit, working tree clean
On branch master
nothing to commit, working tree clean
On branch master
nothing to commit, working tree clean
On branch master
nothing to commit, working tree clean
On branch master
nothing to commit, working tree clean
[master 5f76543] Auto commit 2025-01-24 08:09:00
 2 files changed, 0 insertions(+), 0 deletions(-)
 create mode 100644 backups/synergy_wellness_2025-01-24_08-05-13.db.gz
 create mode 100644 backups/synergy_wellness_2025-01-24_08-07-01.db.gz
On branch master
nothing to commit, working tree clean
On branch master
nothing to commit, working tree clean
On branch master
nothing to commit, working tree clean
On branch master
nothing to commit, working tree clean
On branch master
nothing to commit, working tree clean
On branch master
nothing to commit, working tree clean
On branch master
nothing to commit, working tree clean
On branch master
nothing to commit, working tree clean
On branch master
nothing to commit, working tree clean
On branch master
nothing to commit, working tree clean
On branch master
nothing to commit, working tree clean
[master 447a7df] Auto commit 2025-01-24 09:09:01
 2 files changed, 0 insertions(+), 0 deletions(-)
 create mode 100644 backups/synergy_wellness_2025-01-24_09-05-13.db.gz
 create mode 100644 backups/synergy_wellness_2025-01-24_09-07-01.db.gz
On branch master
nothing to commit, working tree clean
On branch master
nothing to commit, working tree clean
On branch master
nothing to commit, working tree clean
On branch master
nothing to commit, working tree clean
On branch master
nothing to commit, working tree clean
On branch master
nothing to commit, working tree clean
On branch master
nothing to commit, working tree clean
On branch master
nothing to commit, working tree clean
On branch master
nothing to commit, working tree clean
On branch master
nothing to commit, working tree clean
On branch master
nothing to commit, working tree clean
[master 65c2974] Auto commit 2025-01-24 10:09:03
 2 files changed, 0 insertions(+), 0 deletions(-)
 create mode 100644 backups/synergy_wellness_2025-01-24_10-05-13.db.gz
 create mode 100644 backups/synergy_wellness_2025-01-24_10-07-02.db.gz
On branch master
nothing to commit, working tree clean
On branch master
nothing to commit, working tree clean
On branch master
nothing to commit, working tree clean
On branch master
nothing to commit, working tree clean
On branch master
nothing to commit, working tree clean
On branch master
nothing to commit, working tree clean
On branch master
nothing to commit, working tree clean
On branch master
nothing to commit, working tree clean
On branch master
nothing to commit, working tree clean
On branch master
nothing to commit, working tree clean
On branch master
nothing to commit, working tree clean
[master afe8e75] Auto commit 2025-01-24 11:09:04
 2 files changed, 0 insertions(+), 0 deletions(-)
 create mode 100644 backups/synergy_wellness_2025-01-24_11-05-13.db.gz
 create mode 100644 backups/synergy_wellness_2025-01-24_11-07-02.db.gz
On branch master
nothing to commit, working tree clean
On branch master
nothing to commit, working tree clean
On branch master
nothing to commit, working tree clean
On branch master
nothing to commit, working tree clean
On branch master
nothing to commit, working tree clean
On branch master
nothing to commit, working tree clean
On branch master
nothing to commit, working tree clean
On branch master
nothing to commit, working tree clean
On branch master
nothing to commit, working tree clean
On branch master
nothing to commit, working tree clean
On branch master
nothing to commit, working tree clean
[master 5c8c27f] Auto commit 2025-01-24 12:09:05
 2 files changed, 0 insertions(+), 0 deletions(-)
 create mode 100644 backups/synergy_wellness_2025-01-24_12-05-13.db.gz
 create mode 100644 backups/synergy_wellness_2025-01-24_12-07-01.db.gz
On branch master
nothing to commit, working tree clean
On branch master
nothing to commit, working tree clean
